[debug] [2019-07-25T16:52:40.170Z] ----------------------------------------------------------------------
[debug] [2019-07-25T16:52:40.172Z] Command:       C:\Program Files\nodejs\node.exe C:\Users\Freddy Lazo\AppData\Roaming\npm\node_modules\firebase-tools\lib\bin\firebase.js emulators:start --only firestore
[debug] [2019-07-25T16:52:40.172Z] CLI Version:   7.2.0
[debug] [2019-07-25T16:52:40.173Z] Platform:      win32
[debug] [2019-07-25T16:52:40.173Z] Node Version:  v10.16.0
[debug] [2019-07-25T16:52:40.173Z] Time:          Thu Jul 25 2019 11:52:40 GMT-0500 (Peru Standard Time)
[debug] [2019-07-25T16:52:40.173Z] ----------------------------------------------------------------------
[debug] 
[warn] !  Could not find config (firebase.json) so using defaults.
[info] i  Starting emulators: ["firestore"]
[warn] !  No Firestore rules file specified in firebase.json, using default rules.
[debug] [2019-07-25T16:52:40.204Z] Ignoring unsupported arg: projectId
[debug] [2019-07-25T16:52:40.204Z] Ignoring unsupported arg: auto_download
[debug] [2019-07-25T16:52:40.204Z] Starting emulator firestore with args {"host":"localhost","port":8080,"auto_download":true}
[info] i  firestore: Emulator logging to firestore-debug.log
[debug] [2019-07-25T16:52:42.281Z] API endpoint: http://localhost:8080
If you are using a library that supports the FIRESTORE_EMULATOR_HOST environment variable, run:
[debug] [2019-07-25T16:52:42.281Z] 

   export FIRESTORE_EMULATOR_HOST=localhost:8080

Dev App Server is now running.


[info] +  firestore: Emulator started at http://localhost:8080
[info] i  firestore: For testing set FIRESTORE_EMULATOR_HOST=localhost:8080
[info] +  All emulators started, it is now safe to connect.
[debug] [2019-07-25T16:53:05.709Z] Jul 25, 2019 11:53:05 AM io.gapi.emulators.netty.HttpVersionRoutingHandler channelRead
INFO: Detected non-HTTP/2 connection.

[debug] [2019-07-25T16:53:05.776Z] Jul 25, 2019 11:53:05 AM io.gapi.emulators.netty.NotFoundHandler handleRequest
INFO: Unknown request URI: /favicon.ico

